0 info it worked if it ends with ok
1 verbose cli [ '/usr/local/bin/node',
1 verbose cli   '/usr/local/bin/npm',
1 verbose cli   'install',
1 verbose cli   '-g',
1 verbose cli   'cordova',
1 verbose cli   'to',
1 verbose cli   'update' ]
2 info using npm@2.15.1
3 info using node@v4.4.4
4 verbose install initial load of /usr/local/lib/package.json
5 verbose readDependencies loading dependencies from /usr/local/lib/package.json
6 silly cache add args [ 'cordova', null ]
7 verbose cache add spec cordova
8 silly cache add args [ 'to', null ]
9 verbose cache add spec to
10 silly cache add args [ 'update', null ]
11 verbose cache add spec update
12 silly cache add parsed spec Result {
12 silly cache add   raw: 'cordova',
12 silly cache add   scope: null,
12 silly cache add   name: 'cordova',
12 silly cache add   rawSpec: '',
12 silly cache add   spec: 'latest',
12 silly cache add   type: 'tag' }
13 silly addNamed cordova@latest
14 verbose addNamed "latest" is being treated as a dist-tag for cordova
15 info addNameTag [ 'cordova', 'latest' ]
16 silly mapToRegistry name cordova
17 silly mapToRegistry using default registry
18 silly mapToRegistry registry https://registry.npmjs.org/
19 silly mapToRegistry data Result {
19 silly mapToRegistry   raw: 'cordova',
19 silly mapToRegistry   scope: null,
19 silly mapToRegistry   name: 'cordova',
19 silly mapToRegistry   rawSpec: '',
19 silly mapToRegistry   spec: 'latest',
19 silly mapToRegistry   type: 'tag' }
20 silly mapToRegistry uri https://registry.npmjs.org/cordova
21 verbose addNameTag registry:https://registry.npmjs.org/cordova not in flight; fetching
22 silly cache add parsed spec Result {
22 silly cache add   raw: 'to',
22 silly cache add   scope: null,
22 silly cache add   name: 'to',
22 silly cache add   rawSpec: '',
22 silly cache add   spec: 'latest',
22 silly cache add   type: 'tag' }
23 silly addNamed to@latest
24 verbose addNamed "latest" is being treated as a dist-tag for to
25 info addNameTag [ 'to', 'latest' ]
26 silly mapToRegistry name to
27 silly mapToRegistry using default registry
28 silly mapToRegistry registry https://registry.npmjs.org/
29 silly mapToRegistry data Result {
29 silly mapToRegistry   raw: 'to',
29 silly mapToRegistry   scope: null,
29 silly mapToRegistry   name: 'to',
29 silly mapToRegistry   rawSpec: '',
29 silly mapToRegistry   spec: 'latest',
29 silly mapToRegistry   type: 'tag' }
30 silly mapToRegistry uri https://registry.npmjs.org/to
31 verbose addNameTag registry:https://registry.npmjs.org/to not in flight; fetching
32 silly cache add parsed spec Result {
32 silly cache add   raw: 'update',
32 silly cache add   scope: null,
32 silly cache add   name: 'update',
32 silly cache add   rawSpec: '',
32 silly cache add   spec: 'latest',
32 silly cache add   type: 'tag' }
33 silly addNamed update@latest
34 verbose addNamed "latest" is being treated as a dist-tag for update
35 info addNameTag [ 'update', 'latest' ]
36 silly mapToRegistry name update
37 silly mapToRegistry using default registry
38 silly mapToRegistry registry https://registry.npmjs.org/
39 silly mapToRegistry data Result {
39 silly mapToRegistry   raw: 'update',
39 silly mapToRegistry   scope: null,
39 silly mapToRegistry   name: 'update',
39 silly mapToRegistry   rawSpec: '',
39 silly mapToRegistry   spec: 'latest',
39 silly mapToRegistry   type: 'tag' }
40 silly mapToRegistry uri https://registry.npmjs.org/update
41 verbose addNameTag registry:https://registry.npmjs.org/update not in flight; fetching
42 verbose request uri https://registry.npmjs.org/cordova
43 verbose request no auth needed
44 info attempt registry request try #1 at 10:05:33 AM
45 verbose request id fc1e9acc40346d39
46 verbose etag "C6YLZFNZ6OH5U8W53BB6V6RTS"
47 http request GET https://registry.npmjs.org/cordova
48 verbose request uri https://registry.npmjs.org/to
49 verbose request no auth needed
50 info attempt registry request try #1 at 10:05:33 AM
51 verbose etag "C0CKNCOJZFPGGLNP1OSQMTNDW"
52 http request GET https://registry.npmjs.org/to
53 verbose request uri https://registry.npmjs.org/update
54 verbose request no auth needed
55 info attempt registry request try #1 at 10:05:33 AM
56 verbose etag "CZ6D6CM10G9ROFBSVVU2IPUAE"
57 http request GET https://registry.npmjs.org/update
58 http 304 https://registry.npmjs.org/cordova
59 verbose headers { date: 'Wed, 01 Jun 2016 13:55:20 GMT',
59 verbose headers   via: '1.1 varnish',
59 verbose headers   'cache-control': 'max-age=300',
59 verbose headers   etag: '"C6YLZFNZ6OH5U8W53BB6V6RTS"',
59 verbose headers   age: '0',
59 verbose headers   connection: 'keep-alive',
59 verbose headers   'x-served-by': 'cache-jfk1029-JFK',
59 verbose headers   'x-cache': 'HIT',
59 verbose headers   'x-cache-hits': '1',
59 verbose headers   'x-timer': 'S1464789320.005229,VS0,VE101',
59 verbose headers   vary: 'Accept-Encoding' }
60 silly get cb [ 304,
60 silly get   { date: 'Wed, 01 Jun 2016 13:55:20 GMT',
60 silly get     via: '1.1 varnish',
60 silly get     'cache-control': 'max-age=300',
60 silly get     etag: '"C6YLZFNZ6OH5U8W53BB6V6RTS"',
60 silly get     age: '0',
60 silly get     connection: 'keep-alive',
60 silly get     'x-served-by': 'cache-jfk1029-JFK',
60 silly get     'x-cache': 'HIT',
60 silly get     'x-cache-hits': '1',
60 silly get     'x-timer': 'S1464789320.005229,VS0,VE101',
60 silly get     vary: 'Accept-Encoding' } ]
61 verbose etag https://registry.npmjs.org/cordova from cache
62 verbose get saving cordova to /Users/Santiago/.npm/registry.npmjs.org/cordova/.cache.json
63 verbose correctMkdir /Users/Santiago/.npm correctMkdir not in flight; initializing
64 http 304 https://registry.npmjs.org/to
65 verbose headers { date: 'Wed, 01 Jun 2016 13:55:20 GMT',
65 verbose headers   via: '1.1 varnish',
65 verbose headers   'cache-control': 'max-age=300',
65 verbose headers   etag: '"C0CKNCOJZFPGGLNP1OSQMTNDW"',
65 verbose headers   age: '0',
65 verbose headers   connection: 'keep-alive',
65 verbose headers   'x-served-by': 'cache-jfk1037-JFK',
65 verbose headers   'x-cache': 'HIT',
65 verbose headers   'x-cache-hits': '1',
65 verbose headers   'x-timer': 'S1464789320.013571,VS0,VE103',
65 verbose headers   vary: 'Accept-Encoding' }
66 silly get cb [ 304,
66 silly get   { date: 'Wed, 01 Jun 2016 13:55:20 GMT',
66 silly get     via: '1.1 varnish',
66 silly get     'cache-control': 'max-age=300',
66 silly get     etag: '"C0CKNCOJZFPGGLNP1OSQMTNDW"',
66 silly get     age: '0',
66 silly get     connection: 'keep-alive',
66 silly get     'x-served-by': 'cache-jfk1037-JFK',
66 silly get     'x-cache': 'HIT',
66 silly get     'x-cache-hits': '1',
66 silly get     'x-timer': 'S1464789320.013571,VS0,VE103',
66 silly get     vary: 'Accept-Encoding' } ]
67 verbose etag https://registry.npmjs.org/to from cache
68 verbose get saving to to /Users/Santiago/.npm/registry.npmjs.org/to/.cache.json
69 verbose correctMkdir /Users/Santiago/.npm correctMkdir not in flight; initializing
70 silly addNameTag next cb for cordova with tag latest
71 silly addNamed cordova@6.2.0
72 verbose addNamed "6.2.0" is a plain semver version for cordova
73 silly addNameTag next cb for to with tag latest
74 silly addNamed to@0.2.9
75 verbose addNamed "0.2.9" is a plain semver version for to
76 silly cache afterAdd cordova@6.2.0
77 verbose afterAdd /Users/Santiago/.npm/cordova/6.2.0/package/package.json not in flight; writing
78 verbose correctMkdir /Users/Santiago/.npm correctMkdir not in flight; initializing
79 silly cache afterAdd to@0.2.9
80 verbose afterAdd /Users/Santiago/.npm/to/0.2.9/package/package.json not in flight; writing
81 verbose correctMkdir /Users/Santiago/.npm correctMkdir not in flight; initializing
82 verbose afterAdd /Users/Santiago/.npm/cordova/6.2.0/package/package.json written
83 verbose afterAdd /Users/Santiago/.npm/to/0.2.9/package/package.json written
84 http 304 https://registry.npmjs.org/update
85 verbose headers { date: 'Wed, 01 Jun 2016 13:55:20 GMT',
85 verbose headers   via: '1.1 varnish',
85 verbose headers   'cache-control': 'max-age=300',
85 verbose headers   etag: '"CZ6D6CM10G9ROFBSVVU2IPUAE"',
85 verbose headers   age: '0',
85 verbose headers   connection: 'keep-alive',
85 verbose headers   'x-served-by': 'cache-jfk1020-JFK',
85 verbose headers   'x-cache': 'MISS',
85 verbose headers   'x-cache-hits': '0',
85 verbose headers   'x-timer': 'S1464789320.002561,VS0,VE404',
85 verbose headers   vary: 'Accept-Encoding' }
86 silly get cb [ 304,
86 silly get   { date: 'Wed, 01 Jun 2016 13:55:20 GMT',
86 silly get     via: '1.1 varnish',
86 silly get     'cache-control': 'max-age=300',
86 silly get     etag: '"CZ6D6CM10G9ROFBSVVU2IPUAE"',
86 silly get     age: '0',
86 silly get     connection: 'keep-alive',
86 silly get     'x-served-by': 'cache-jfk1020-JFK',
86 silly get     'x-cache': 'MISS',
86 silly get     'x-cache-hits': '0',
86 silly get     'x-timer': 'S1464789320.002561,VS0,VE404',
86 silly get     vary: 'Accept-Encoding' } ]
87 verbose etag https://registry.npmjs.org/update from cache
88 verbose get saving update to /Users/Santiago/.npm/registry.npmjs.org/update/.cache.json
89 verbose correctMkdir /Users/Santiago/.npm correctMkdir not in flight; initializing
90 silly addNameTag next cb for update with tag latest
91 silly addNamed update@0.4.2
92 verbose addNamed "0.4.2" is a plain semver version for update
93 silly cache afterAdd update@0.4.2
94 verbose afterAdd /Users/Santiago/.npm/update/0.4.2/package/package.json not in flight; writing
95 verbose correctMkdir /Users/Santiago/.npm correctMkdir not in flight; initializing
96 verbose afterAdd /Users/Santiago/.npm/update/0.4.2/package/package.json written
97 silly install resolved [ { name: 'cordova',
97 silly install resolved     version: '6.2.0',
97 silly install resolved     preferGlobal: 'true',
97 silly install resolved     description: 'Cordova command line interface tool',
97 silly install resolved     main: 'cordova',
97 silly install resolved     engines: { node: '>=0.9.9' },
97 silly install resolved     engineStrict: true,
97 silly install resolved     bin: { cordova: './bin/cordova' },
97 silly install resolved     scripts:
97 silly install resolved      { test: 'node node_modules/jasmine-node/bin/jasmine-node --captureExceptions --color spec',
97 silly install resolved        cover: 'node node_modules/istanbul/lib/cli.js cover --root src --print detail node_modules/jasmine-node/bin/jasmine-node -- spec' },
97 silly install resolved     repository:
97 silly install resolved      { type: 'git',
97 silly install resolved        url: 'https://git-wip-us.apache.org/repos/asf/cordova-cli.git' },
97 silly install resolved     bugs:
97 silly install resolved      { url: 'https://issues.apache.org/jira/browse/CB',
97 silly install resolved        email: 'dev@cordova.apache.org' },
97 silly install resolved     keywords: [ 'cordova', 'client', 'cli' ],
97 silly install resolved     dependencies:
97 silly install resolved      { 'cordova-lib': '6.2.0',
97 silly install resolved        'cordova-common': '1.3.x',
97 silly install resolved        q: '1.0.1',
97 silly install resolved        nopt: '3.0.1',
97 silly install resolved        underscore: '1.7.0',
97 silly install resolved        'update-notifier': '^0.5.0',
97 silly install resolved        insight: '~0.8.2' },
97 silly install resolved     devDependencies:
97 silly install resolved      { istanbul: '^0.3.4',
97 silly install resolved        grunt: '0.4.5',
97 silly install resolved        'grunt-retire': '0.3.7',
97 silly install resolved        'jasmine-node': '1.14.5' },
97 silly install resolved     author: { name: 'Anis Kadri' },
97 silly install resolved     contributors:
97 silly install resolved      [ [Object],
97 silly install resolved        [Object],
97 silly install resolved        [Object],
97 silly install resolved        [Object],
97 silly install resolved        [Object],
97 silly install resolved        [Object],
97 silly install resolved        [Object],
97 silly install resolved        [Object],
97 silly install resolved        [Object],
97 silly install resolved        [Object],
97 silly install resolved        [Object],
97 silly install resolved        [Object],
97 silly install resolved        [Object],
97 silly install resolved        [Object],
97 silly install resolved        [Object],
97 silly install resolved        [Object],
97 silly install resolved        [Object],
97 silly install resolved        [Object],
97 silly install resolved        [Object],
97 silly install resolved        [Object],
97 silly install resolved        [Object],
97 silly install resolved        [Object],
97 silly install resolved        [Object],
97 silly install resolved        [Object] ],
97 silly install resolved     license: 'Apache-2.0',
97 silly install resolved     _id: 'cordova@6.2.0',
97 silly install resolved     _shasum: '8442ec6f4d4440bc124713d32139d78efa1b72ce',
97 silly install resolved     _resolved: 'https://registry.npmjs.org/cordova/-/cordova-6.2.0.tgz',
97 silly install resolved     _from: 'cordova@latest',
97 silly install resolved     _npmVersion: '3.9.0',
97 silly install resolved     _nodeVersion: '5.4.1',
97 silly install resolved     _npmUser: { name: 'stevegill', email: 'stevengill97@gmail.com' },
97 silly install resolved     dist:
97 silly install resolved      { shasum: '8442ec6f4d4440bc124713d32139d78efa1b72ce',
97 silly install resolved        tarball: 'https://registry.npmjs.org/cordova/-/cordova-6.2.0.tgz' },
97 silly install resolved     maintainers:
97 silly install resolved      [ [Object],
97 silly install resolved        [Object],
97 silly install resolved        [Object],
97 silly install resolved        [Object],
97 silly install resolved        [Object],
97 silly install resolved        [Object],
97 silly install resolved        [Object],
97 silly install resolved        [Object],
97 silly install resolved        [Object],
97 silly install resolved        [Object],
97 silly install resolved        [Object],
97 silly install resolved        [Object],
97 silly install resolved        [Object],
97 silly install resolved        [Object],
97 silly install resolved        [Object],
97 silly install resolved        [Object],
97 silly install resolved        [Object],
97 silly install resolved        [Object] ],
97 silly install resolved     _npmOperationalInternal:
97 silly install resolved      { host: 'packages-12-west.internal.npmjs.com',
97 silly install resolved        tmp: 'tmp/cordova-6.2.0.tgz_1464130173210_0.7832138144876808' },
97 silly install resolved     directories: {},
97 silly install resolved     readme: 'ERROR: No README data found!' },
97 silly install resolved   { name: 'to',
97 silly install resolved     description: 'load/convert between xml,json,yaml formats',
97 silly install resolved     homepage: 'https://github.com/openmason/to',
97 silly install resolved     version: '0.2.9',
97 silly install resolved     author: { name: 'el aras', email: 'openmason@gmail.com' },
97 silly install resolved     dependencies:
97 silly install resolved      { handy: '>= 0.0.11',
97 silly install resolved        underscore: '>= 1.4.0',
97 silly install resolved        'js-yaml': '>= 1.0.2',
97 silly install resolved        htmlparser: '>= 1.7.6',
97 silly install resolved        optimist: '>= 0.3.5' },
97 silly install resolved     devDependencies: { mocha: '>= 1.6.0', should: '>= 1.2.0' },
97 silly install resolved     keywords: [ 'converter', 'convertor', 'json', 'xml', 'yaml' ],
97 silly install resolved     repository: { type: 'git', url: 'git://github.com/openmason/to.git' },
97 silly install resolved     main: 'index',
97 silly install resolved     scripts: { prepublish: 'npm prune', test: 'make test' },
97 silly install resolved     engines: { node: '>= 0.8.0' },
97 silly install resolved     readme: '[![build status](https://secure.travis-ci.org/openmason/to.png)](http://travis-ci.org/openmason/to)\n\n# to.js\ncollection of convertors.\nComes with command line options to use the convertors along with a library version that can be used within programs as well.\n\n# Solves\n  * read input formats json, xml, yaml \n  * converts the document to internal javascript object form\n  * write output as json, yaml documents\n  * only input xml is handled (no output xml yet)\n\n## Installation\n\n    $ npm install -g to\n    $ npm install to\n\n## Usage\n\nCommand line:\n\n     # reads xml file and prints it in yml\n     $ to -i examples/sample.xml -o .yaml\n     \n     # reads yaml and prints it in json\n     $ to -i examples/sample.yml -o .json\n\nWithin your program:\n\n    var to = require(\'to\');\n    \n    # Load yaml\n    var yamldoc = to.format.yaml.load(\'config.yaml\');\n    \n    # print doc in yaml \n    var doc = ...;\n    console.log(to.format.yaml.stringify(doc));\n\n * refer to examples directory for xml, json, yaml code\n\n## Example\nFor a sample input xml:\n\n    <?xml version="1.0" encoding="UTF-8" ?>\n    <!DOCTYPE log4j:configuration SYSTEM "log4j.dtd">    \n    <dummy>\n    <value>15</value>\n    <value>35</value>\n    <value>5</value>\n    <value>4784</value>\n    <value>one more</value>\n    <h>decent</h>\n    <h>list</h>\n    <h>another</h>\n    <object>value</object>\n    <inner>\n      <h1>value</h1>\n      <li>got</li>\n      <li>milk</li>\n    </inner>\n   </dummy>\n\nOutput in json:\n\n    {\n      "dummy": {\n        "value": [\n          "15",\n          "35",\n          "5",\n          "4784",\n          "one more"\n        ],\n        "h": [\n          "decent",\n          "list",\n          "another"\n        ],\n        "object": "value",\n        "inner": {\n          "h1": "value",\n          "li": [\n            "got",\n            "milk"\n          ]\n        }\n      }\n    }\n    \n    # to try this example\n    $ to -i examples/sample1.xml -o .json\n\nOutput in yaml:\n\n    dummy: \n      value: \n        - 15\n        - 35\n        - 5\n        - 4784\n        - "one more"\n      h: \n        - decent\n        - list\n        - another\n      object: value\n      inner: \n        h1: value\n        li: \n          - got\n          - milk\n\n    # to try this example\n    $ to -i examples/sample1.xml -o .yaml\n\n## Todo\n * Input html (be forgiving with bad html)\n * Input markdown \n * Output xml\n * Output html\n * add unit tests\n * allow beautification params for all outputs \n\n## Test cases\nTo execute full test cases\n\n    $ make\n\n',
97 silly install resolved     _id: 'to@0.2.9',
97 silly install resolved     dist:
97 silly install resolved      { shasum: '0ba5a56fe53538db9205ceb6d7ed217aae4635c4',
97 silly install resolved        tarball: 'https://registry.npmjs.org/to/-/to-0.2.9.tgz' },
97 silly install resolved     maintainers: [ [Object], [Object] ],
97 silly install resolved     directories: {},
97 silly install resolved     _shasum: '0ba5a56fe53538db9205ceb6d7ed217aae4635c4',
97 silly install resolved     _resolved: 'https://registry.npmjs.org/to/-/to-0.2.9.tgz',
97 silly install resolved     _from: 'to@latest',
97 silly install resolved     bugs: { url: 'https://github.com/openmason/to/issues' } },
97 silly install resolved   { name: 'update',
97 silly install resolved     description: 'Easily keep anything in your project up-to-date by installing the updaters you want to use and running `update` in the command line! Update the copyright date, licence type, ensure that a project uses your latest eslint or jshint configuration, remove dep',
97 silly install resolved     version: '0.4.2',
97 silly install resolved     homepage: 'https://github.com/update/update',
97 silly install resolved     author:
97 silly install resolved      { name: 'Jon Schlinkert',
97 silly install resolved        url: 'https://github.com/jonschlinkert' },
97 silly install resolved     authors:
97 silly install resolved      [ 'Brian Woodward <brian.woodward@gmail.com> (https://github.com/doowb)',
97 silly install resolved        'Jon Schlinkert (https://github.com/jonschlinkert)' ],
97 silly install resolved     contributors: [ [Object], [Object] ],
97 silly install resolved     repository: { type: 'git', url: 'git+https://github.com/update/update.git' },
97 silly install resolved     bugs: { url: 'https://github.com/update/update/issues' },
97 silly install resolved     license: 'MIT',
97 silly install resolved     files: [ 'bin', 'index.js', 'lib/' ],
97 silly install resolved     main: 'index.js',
97 silly install resolved     engines: { node: '>=0.10.0' },
97 silly install resolved     scripts: { test: 'mocha' },
97 silly install resolved     preferGlobal: true,
97 silly install resolved     bin: { update: 'bin/update.js' },
97 silly install resolved     dependencies:
97 silly install resolved      { 'ansi-cyan': '^0.1.1',
97 silly install resolved        'ansi-gray': '^0.1.1',
97 silly install resolved        'ansi-green': '^0.1.1',
97 silly install resolved        'ansi-red': '^0.1.1',
97 silly install resolved        'ansi-yellow': '^0.1.1',
97 silly install resolved        'assemble-core': '^0.8.0',
97 silly install resolved        'assemble-loader': '^0.2.6',
97 silly install resolved        async: '^1.5.2',
97 silly install resolved        base: '^0.6.3',
97 silly install resolved        'base-cli': '^0.4.0',
97 silly install resolved        'base-config': '^0.3.3',
97 silly install resolved        'base-options': '^0.5.4',
97 silly install resolved        'base-pipeline': '^0.1.4',
97 silly install resolved        'base-store': '^0.3.2',
97 silly install resolved        'composer-runtimes': '^0.7.0',
97 silly install resolved        'define-property': '^0.2.5',
97 silly install resolved        'engine-base': '^0.1.2',
97 silly install resolved        'expand-args': '^0.3.1',
97 silly install resolved        'expand-object': '^0.4.1',
97 silly install resolved        'export-files': '^2.1.0',
97 silly install resolved        'extend-shallow': '^2.0.1',
97 silly install resolved        'for-own': '^0.1.3',
97 silly install resolved        'get-value': '^2.0.2',
97 silly install resolved        'global-modules': '^0.2.0',
97 silly install resolved        'gulp-eslint': '^1.1.1',
97 silly install resolved        'lazy-cache': '^1.0.3',
97 silly install resolved        'load-pkg': '^3.0.1',
97 silly install resolved        matched: '^0.4.1',
97 silly install resolved        micromatch: '^2.3.7',
97 silly install resolved        minimist: '^1.2.0',
97 silly install resolved        'object.omit': '^2.0.0',
97 silly install resolved        'object.pick': '^1.1.1',
97 silly install resolved        'parser-front-matter': '^1.3.0',
97 silly install resolved        'project-name': '^0.2.3',
97 silly install resolved        'question-cache': '^0.3.5',
97 silly install resolved        rimraf: '^2.5.0',
97 silly install resolved        'set-value': '^0.3.2',
97 silly install resolved        'sort-object-arrays': '^0.1.1',
97 silly install resolved        'stream-exhaust': '^1.0.1',
97 silly install resolved        'success-symbol': '^0.1.0',
97 silly install resolved        through2: '^2.0.0',
97 silly install resolved        'time-stamp': '^0.1.3',
97 silly install resolved        'union-value': '^0.2.1',
97 silly install resolved        use: '^1.1.2' },
97 silly install resolved     devDependencies:
97 silly install resolved      { 'buffer-equal': '^1.0.0',
97 silly install resolved        consolidate: '^0.13.1',
97 silly install resolved        coveralls: '^2.11.6',
97 silly install resolved        'data-store': '^0.12.1',
97 silly install resolved        'engine-handlebars': '^0.8.0',
97 silly install resolved        'event-stream': '^3.3.2',
97 silly install resolved        'graceful-fs': '^4.1.2',
97 silly install resolved        gulp: '^3.9.0',
97 silly install resolved        'gulp-format-md': '^0.1.5',
97 silly install resolved        'gulp-istanbul': '^0.10.3',
97 silly install resolved        'gulp-mocha': '^2.2.0',
97 silly install resolved        'is-buffer': '^1.1.1',
97 silly install resolved        istanbul: '^0.4.1',
97 silly install resolved        'kind-of': '^3.0.2',
97 silly install resolved        mocha: '^2.3.4',
97 silly install resolved        'resolve-glob': '^0.1.8',
97 silly install resolved        should: '^8.0.2',
97 silly install resolved        sinon: '^1.17.2',
97 silly install resolved        swig: '^1.4.2',
97 silly install resolved        vinyl: '^1.1.0' },
97 silly install resolved     keywords: [ 'lint', 'next', 'repo', 'update' ],
97 silly install resolved     verb:
97 silly install resolved      { related: [Object],
97 silly install resolved        reflinks: [Object],
97 silly install resolved        plugins: [Object],
97 silly install resolved        data: [Object] },
97 silly install resolved     update:
97 silly install resolved      { note: 'this is just pseudo data for tests. I\'ll update with real stuff soon.',
97 silly install resolved        cwd: 'lib/pipeline',
97 silly install resolved        helpers: [Object],
97 silly install resolved        plugins: [Object],
97 silly install resolved        set: [Object] },
97 silly install resolved     gitHead: 'de0e1344b048505ed5e49c1b1618a86f98f999e4',
97 silly install resolved     _id: 'update@0.4.2',
97 silly install resolved     _shasum: '04c3bf907b653522c83a19d17879370b51097657',
97 silly install resolved     _from: 'update@latest',
97 silly install resolved     _npmVersion: '3.3.12',
97 silly install resolved     _nodeVersion: '5.3.0',
97 silly install resolved     _npmUser: { name: 'jonschlinkert', email: 'github@sellside.com' },
97 silly install resolved     maintainers: [ [Object] ],
97 silly install resolved     dist:
97 silly install resolved      { shasum: '04c3bf907b653522c83a19d17879370b51097657',
97 silly install resolved        tarball: 'https://registry.npmjs.org/update/-/update-0.4.2.tgz' },
97 silly install resolved     directories: {},
97 silly install resolved     _resolved: 'https://registry.npmjs.org/update/-/update-0.4.2.tgz',
97 silly install resolved     readme: 'ERROR: No README data found!' } ]
98 info install cordova@6.2.0 into /usr/local/lib
99 info install to@0.2.9 into /usr/local/lib
100 info install update@0.4.2 into /usr/local/lib
101 info installOne cordova@6.2.0
102 verbose installOne of cordova to /usr/local/lib not in flight; installing
103 verbose correctMkdir /Users/Santiago/.npm/_locks correctMkdir not in flight; initializing
104 info installOne to@0.2.9
105 verbose installOne of to to /usr/local/lib not in flight; installing
106 verbose correctMkdir /Users/Santiago/.npm/_locks correctMkdir already in flight; waiting
107 info installOne update@0.4.2
108 verbose installOne of update to /usr/local/lib not in flight; installing
109 verbose correctMkdir /Users/Santiago/.npm/_locks correctMkdir already in flight; waiting
110 verbose lock using /Users/Santiago/.npm/_locks/cordova-fa12e2e096426a32.lock for /usr/local/lib/node_modules/cordova
111 verbose lock using /Users/Santiago/.npm/_locks/to-9394763c9b022e79.lock for /usr/local/lib/node_modules/to
112 verbose lock using /Users/Santiago/.npm/_locks/update-a554ca6fd1dfb67b.lock for /usr/local/lib/node_modules/update
113 silly install write writing to 0.2.9 to /usr/local/lib/node_modules/to
114 silly install write writing update 0.4.2 to /usr/local/lib/node_modules/update
115 silly install write writing cordova 6.2.0 to /usr/local/lib/node_modules/cordova
116 verbose unbuild lib/node_modules/to
117 verbose unbuild lib/node_modules/update
118 verbose unbuild lib/node_modules/cordova
119 silly gentlyRm /usr/local/lib/node_modules/to is being purged from base /usr/local
120 verbose gentlyRm don't care about contents; nuking /usr/local/lib/node_modules/to
121 verbose tar unpack /Users/Santiago/.npm/to/0.2.9/package.tgz
122 verbose tar unpacking to /usr/local/lib/node_modules/to
123 silly gentlyRm /usr/local/lib/node_modules/to is being purged
124 verbose gentlyRm don't care about contents; nuking /usr/local/lib/node_modules/to
125 silly gentlyRm /usr/local/lib/node_modules/update is being purged from base /usr/local
126 verbose gentlyRm don't care about contents; nuking /usr/local/lib/node_modules/update
127 silly gunzTarPerm modes [ '755', '644' ]
128 verbose tar unpack /Users/Santiago/.npm/update/0.4.2/package.tgz
129 verbose tar unpacking to /usr/local/lib/node_modules/update
130 silly gentlyRm /usr/local/lib/node_modules/update is being purged
131 verbose gentlyRm don't care about contents; nuking /usr/local/lib/node_modules/update
132 silly gunzTarPerm modes [ '755', '644' ]
133 info preuninstall cordova@6.1.1
134 info uninstall cordova@6.1.1
135 error tar.unpack untar error /Users/Santiago/.npm/to/0.2.9/package.tgz
136 verbose unbuild rmStuff cordova@6.1.1 from /usr/local/lib/node_modules
137 silly gentlyRm /usr/local/bin/cordova is being gently removed
138 silly gentlyRm verifying /usr/local is an npm working directory
139 verbose unlock done using /Users/Santiago/.npm/_locks/to-9394763c9b022e79.lock for /usr/local/lib/node_modules/to
140 error tar.unpack untar error /Users/Santiago/.npm/update/0.4.2/package.tgz
141 silly gentlyRm containing path /usr/local is under npm's control, in /usr/local
142 silly gentlyRm deletion target /usr/local/bin/cordova is under /usr/local
143 verbose gentlyRm vacuuming from /usr/local/bin/cordova up to /usr/local
144 verbose unlock done using /Users/Santiago/.npm/_locks/update-a554ca6fd1dfb67b.lock for /usr/local/lib/node_modules/update
145 silly vacuum-fs removing /usr/local/bin/cordova
146 verbose unlock done using /Users/Santiago/.npm/_locks/cordova-fa12e2e096426a32.lock for /usr/local/lib/node_modules/cordova
147 verbose fstream_path /usr/local/lib/node_modules/to
148 verbose fstream_type Directory
149 verbose fstream_class DirWriter
150 verbose stack Error: EACCES: permission denied, mkdir '/usr/local/lib/node_modules/to'
150 verbose stack     at Error (native)
151 verbose fstream_stack /usr/local/lib/node_modules/npm/node_modules/fstream/lib/dir-writer.js:35:25
151 verbose fstream_stack /usr/local/lib/node_modules/npm/node_modules/mkdirp/index.js:47:53
151 verbose fstream_stack FSReqWrap.oncomplete (fs.js:82:15)
152 verbose cwd /Users/Santiago/Desktop/background/InsightTrackingExit
153 error Darwin 15.4.0
154 error argv "/usr/local/bin/node" "/usr/local/bin/npm" "install" "-g" "cordova" "to" "update"
155 error node v4.4.4
156 error npm  v2.15.1
157 error path /usr/local/lib/node_modules/to
158 error code EACCES
159 error errno -13
160 error syscall mkdir
161 error Error: EACCES: permission denied, mkdir '/usr/local/lib/node_modules/to'
161 error     at Error (native)
161 error  { [Error: EACCES: permission denied, mkdir '/usr/local/lib/node_modules/to']
161 error   errno: -13,
161 error   code: 'EACCES',
161 error   syscall: 'mkdir',
161 error   path: '/usr/local/lib/node_modules/to',
161 error   fstream_type: 'Directory',
161 error   fstream_path: '/usr/local/lib/node_modules/to',
161 error   fstream_class: 'DirWriter',
161 error   fstream_stack:
161 error    [ '/usr/local/lib/node_modules/npm/node_modules/fstream/lib/dir-writer.js:35:25',
161 error      '/usr/local/lib/node_modules/npm/node_modules/mkdirp/index.js:47:53',
161 error      'FSReqWrap.oncomplete (fs.js:82:15)' ] }
162 error Please try running this command again as root/Administrator.
163 verbose exit [ -13, true ]
164 verbose unbuild lib/node_modules/to
165 silly gentlyRm /usr/local/lib/node_modules/to is being purged from base /usr/local
166 verbose gentlyRm don't care about contents; nuking /usr/local/lib/node_modules/to
167 verbose unbuild lib/node_modules/update
168 silly gentlyRm /usr/local/lib/node_modules/update is being purged from base /usr/local
169 verbose gentlyRm don't care about contents; nuking /usr/local/lib/node_modules/update
170 verbose unbuild lib/node_modules/cordova
171 info preuninstall cordova@6.1.1
172 info uninstall cordova@6.1.1
173 verbose unbuild rmStuff cordova@6.1.1 from /usr/local/lib/node_modules
174 silly gentlyRm /usr/local/bin/cordova is being gently removed
175 silly gentlyRm verifying /usr/local is an npm working directory
176 silly gentlyRm containing path /usr/local is under npm's control, in /usr/local
177 silly gentlyRm deletion target /usr/local/bin/cordova is under /usr/local
178 verbose gentlyRm vacuuming from /usr/local/bin/cordova up to /usr/local
179 silly vacuum-fs removing /usr/local/bin/cordova
180 error error rolling back Error: EACCES: permission denied, unlink '/usr/local/bin/cordova'
180 error error rolling back     at Error (native)
180 error error rolling back  { [Error: EACCES: permission denied, unlink '/usr/local/bin/cordova']
180 error error rolling back   errno: -13,
180 error error rolling back   code: 'EACCES',
180 error error rolling back   syscall: 'unlink',
180 error error rolling back   path: '/usr/local/bin/cordova' }
